<?xml version="1.0" encoding="UTF-8" ?>
<testsuite tests="18" failures="0" name="mgcss.conversor.masaTest" time="0.148" errors="0" skipped="0">
  <properties>
[...]
</properties>
  <testcase classname="mgcss.conversor.masaTest" name="testKann1" time="0.006"/>
  <testcase classname="mgcss.conversor.masaTest" name="testKann2" time="0"/>
  <testcase classname="mgcss.conversor.masaTest" name="testKann3" time="0"/>
  <testcase classname="mgcss.conversor.masaTest" name="testKinn1" time="0"/>
  <testcase classname="mgcss.conversor.masaTest" name="testKinn2" time="0"/>
  <testcase classname="mgcss.conversor.masaTest" name="testKinn3" time="0"/>
  <testcase classname="mgcss.conversor.masaTest" name="testKoku1" time="0"/>
  <testcase classname="mgcss.conversor.masaTest" name="testKoku2" time="0"/>
  <testcase classname="mgcss.conversor.masaTest" name="testKoku3" time="0"/>
  <testcase classname="mgcss.conversor.masaTest" name="testTael1" time="0"/>
  <testcase classname="mgcss.conversor.masaTest" name="testTael2" time="0"/>
  <testcase classname="mgcss.conversor.masaTest" name="testTael3" time="0"/>
  <testcase classname="mgcss.conversor.masaTest" name="testMonnme1" time="0.001"/>
  <testcase classname="mgcss.conversor.masaTest" name="testMonnme2" time="0"/>
  <testcase classname="mgcss.conversor.masaTest" name="testMonnme3" time="0"/>
  <testcase classname="mgcss.conversor.masaTest" name="testKu_ping1" time="0.001"/>
  <testcase classname="mgcss.conversor.masaTest" name="testKu_ping2" time="0"/>
  <testcase classname="mgcss.conversor.masaTest" name="testKu_ping3" time="0"/>
</testsuite>